2021-03-21 06:06:13,663 [Worker-17] INFO  o.e.m.c.i.l.LifecycleMappingFactory - Using org.eclipse.m2e.jdt.JarLifecycleMapping lifecycle mapping for MavenProject: ChaseDemo2:ChaseDemo2:0.0.1-SNAPSHOT @ C:\Users\Darrien\Documents\ChaseDemo\ChaseDemo2\pom.xml.
2021-03-21 06:06:25,223 [Worker-3] INFO  o.e.m.c.i.embedder.EclipseLogger - Using 'UTF-8' encoding to copy filtered resources.
2021-03-21 06:06:25,223 [Worker-3] INFO  o.e.m.c.i.embedder.EclipseLogger - skip non existing resourceDirectory C:\Users\Darrien\Documents\ChaseDemo\ChaseDemo2\src\main\resources
2021-03-21 06:06:25,224 [Worker-3] INFO  o.e.m.c.i.embedder.EclipseLogger - Using 'UTF-8' encoding to copy filtered resources.
2021-03-21 06:06:25,228 [Worker-3] INFO  o.e.m.c.i.embedder.EclipseLogger - Copying 12 resources
2021-03-21 06:06:26,433 [Worker-14] INFO  o.e.m.c.i.embedder.EclipseLogger - Using 'UTF-8' encoding to copy filtered resources.
2021-03-21 06:06:26,434 [Worker-14] INFO  o.e.m.c.i.embedder.EclipseLogger - skip non existing resourceDirectory C:\Users\Darrien\Documents\ChaseDemo\ChaseDemo2\src\main\resources
2021-03-21 06:06:26,435 [Worker-14] INFO  o.e.m.c.i.embedder.EclipseLogger - Using 'UTF-8' encoding to copy filtered resources.
2021-03-21 06:06:26,437 [Worker-14] INFO  o.e.m.c.i.embedder.EclipseLogger - Copying 0 resource
2021-03-21 06:06:26,584 [Worker-17] INFO  o.e.m.i.launch.MavenLaunchDelegate - C:\Users\Darrien\Documents\ChaseDemo\ChaseDemo2
2021-03-21 06:06:26,585 [Worker-17] INFO  o.e.m.i.launch.MavenLaunchDelegate -  mvn -B install
2021-03-21 06:06:39,939 [Worker-1] INFO  o.e.m.c.i.embedder.EclipseLogger - Using 'UTF-8' encoding to copy filtered resources.
2021-03-21 06:06:39,939 [Worker-1] INFO  o.e.m.c.i.embedder.EclipseLogger - skip non existing resourceDirectory C:\Users\Darrien\Documents\ChaseDemo\ChaseDemo2\src\main\resources
2021-03-21 06:06:39,939 [Worker-1] INFO  o.e.m.c.i.embedder.EclipseLogger - Using 'UTF-8' encoding to copy filtered resources.
2021-03-21 06:06:39,939 [Worker-1] INFO  o.e.m.c.i.embedder.EclipseLogger - Copying 0 resource
2021-03-21 06:06:45,338 [Worker-0] INFO  o.e.m.i.launch.MavenLaunchDelegate - C:\Users\Darrien\Documents\ChaseDemo\ChaseDemo2
2021-03-21 06:06:45,338 [Worker-0] INFO  o.e.m.i.launch.MavenLaunchDelegate -  mvn -B install
2021-03-21 06:06:53,913 [Worker-7] INFO  o.e.m.c.i.embedder.EclipseLogger - Using 'UTF-8' encoding to copy filtered resources.
2021-03-21 06:06:53,913 [Worker-7] INFO  o.e.m.c.i.embedder.EclipseLogger - skip non existing resourceDirectory C:\Users\Darrien\Documents\ChaseDemo\ChaseDemo2\src\main\resources
2021-03-21 06:06:53,913 [Worker-7] INFO  o.e.m.c.i.embedder.EclipseLogger - Using 'UTF-8' encoding to copy filtered resources.
2021-03-21 06:06:53,914 [Worker-7] INFO  o.e.m.c.i.embedder.EclipseLogger - Copying 0 resource
2021-03-21 06:07:10,119 [Worker-3] INFO  o.e.m.c.i.embedder.EclipseLogger - Using 'UTF-8' encoding to copy filtered resources.
2021-03-21 06:07:10,119 [Worker-3] INFO  o.e.m.c.i.embedder.EclipseLogger - skip non existing resourceDirectory C:\Users\Darrien\Documents\ChaseDemo\ChaseDemo2\src\main\resources
2021-03-21 06:07:10,120 [Worker-3] INFO  o.e.m.c.i.embedder.EclipseLogger - Using 'UTF-8' encoding to copy filtered resources.
2021-03-21 06:07:10,120 [Worker-3] INFO  o.e.m.c.i.embedder.EclipseLogger - Copying 0 resource
2021-03-21 06:07:11,942 [Worker-5] INFO  o.e.m.c.i.embedder.EclipseLogger - Using 'UTF-8' encoding to copy filtered resources.
2021-03-21 06:07:11,942 [Worker-5] INFO  o.e.m.c.i.embedder.EclipseLogger - skip non existing resourceDirectory C:\Users\Darrien\Documents\ChaseDemo\ChaseDemo2\src\main\resources
2021-03-21 06:07:11,942 [Worker-5] INFO  o.e.m.c.i.embedder.EclipseLogger - Using 'UTF-8' encoding to copy filtered resources.
2021-03-21 06:07:11,945 [Worker-5] INFO  o.e.m.c.i.embedder.EclipseLogger - Copying 12 resources
2021-03-21 06:07:15,525 [Worker-13] INFO  o.e.m.c.i.embedder.EclipseLogger - Using 'UTF-8' encoding to copy filtered resources.
2021-03-21 06:07:15,526 [Worker-13] INFO  o.e.m.c.i.embedder.EclipseLogger - skip non existing resourceDirectory C:\Users\Darrien\Documents\ChaseDemo\ChaseDemo2\src\main\resources
2021-03-21 06:07:15,526 [Worker-13] INFO  o.e.m.c.i.embedder.EclipseLogger - Using 'UTF-8' encoding to copy filtered resources.
2021-03-21 06:07:15,528 [Worker-13] INFO  o.e.m.c.i.embedder.EclipseLogger - Copying 12 resources
2021-03-21 06:07:17,041 [Worker-16] INFO  o.e.m.c.i.embedder.EclipseLogger - Using 'UTF-8' encoding to copy filtered resources.
2021-03-21 06:07:17,041 [Worker-16] INFO  o.e.m.c.i.embedder.EclipseLogger - skip non existing resourceDirectory C:\Users\Darrien\Documents\ChaseDemo\ChaseDemo2\src\main\resources
2021-03-21 06:07:17,042 [Worker-16] INFO  o.e.m.c.i.embedder.EclipseLogger - Using 'UTF-8' encoding to copy filtered resources.
2021-03-21 06:07:17,043 [Worker-16] INFO  o.e.m.c.i.embedder.EclipseLogger - Copying 12 resources
2021-03-21 06:07:17,753 [Worker-3] INFO  o.e.m.i.launch.MavenLaunchDelegate - C:\Users\Darrien\Documents\ChaseDemo\ChaseDemo2
2021-03-21 06:07:17,753 [Worker-3] INFO  o.e.m.i.launch.MavenLaunchDelegate -  mvn -B install
2021-03-21 06:07:18,148 [Worker-13] INFO  o.e.m.c.i.embedder.EclipseLogger - Using 'UTF-8' encoding to copy filtered resources.
2021-03-21 06:07:18,148 [Worker-13] INFO  o.e.m.c.i.embedder.EclipseLogger - skip non existing resourceDirectory C:\Users\Darrien\Documents\ChaseDemo\ChaseDemo2\src\main\resources
2021-03-21 06:07:18,148 [Worker-13] INFO  o.e.m.c.i.embedder.EclipseLogger - Using 'UTF-8' encoding to copy filtered resources.
2021-03-21 06:07:18,149 [Worker-13] INFO  o.e.m.c.i.embedder.EclipseLogger - Copying 0 resource
2021-03-21 06:07:19,454 [Worker-5] INFO  o.e.m.c.i.embedder.EclipseLogger - Using 'UTF-8' encoding to copy filtered resources.
2021-03-21 06:07:19,454 [Worker-5] INFO  o.e.m.c.i.embedder.EclipseLogger - skip non existing resourceDirectory C:\Users\Darrien\Documents\ChaseDemo\ChaseDemo2\src\main\resources
2021-03-21 06:07:19,454 [Worker-5] INFO  o.e.m.c.i.embedder.EclipseLogger - Using 'UTF-8' encoding to copy filtered resources.
2021-03-21 06:07:19,455 [Worker-5] INFO  o.e.m.c.i.embedder.EclipseLogger - Copying 0 resource
2021-03-21 06:08:41,239 [Worker-18] INFO  o.e.m.c.i.embedder.EclipseLogger - Using 'UTF-8' encoding to copy filtered resources.
2021-03-21 06:08:41,239 [Worker-18] INFO  o.e.m.c.i.embedder.EclipseLogger - skip non existing resourceDirectory C:\Users\Darrien\Documents\ChaseDemo\ChaseDemo2\src\main\resources
2021-03-21 06:08:41,240 [Worker-18] INFO  o.e.m.c.i.embedder.EclipseLogger - Using 'UTF-8' encoding to copy filtered resources.
2021-03-21 06:08:41,241 [Worker-18] INFO  o.e.m.c.i.embedder.EclipseLogger - Copying 12 resources
2021-03-21 06:08:42,339 [Worker-7] INFO  o.e.m.c.i.embedder.EclipseLogger - Using 'UTF-8' encoding to copy filtered resources.
2021-03-21 06:08:42,339 [Worker-7] INFO  o.e.m.c.i.embedder.EclipseLogger - skip non existing resourceDirectory C:\Users\Darrien\Documents\ChaseDemo\ChaseDemo2\src\main\resources
2021-03-21 06:08:42,340 [Worker-7] INFO  o.e.m.c.i.embedder.EclipseLogger - Using 'UTF-8' encoding to copy filtered resources.
2021-03-21 06:08:42,340 [Worker-7] INFO  o.e.m.c.i.embedder.EclipseLogger - Copying 0 resource
2021-03-21 06:08:43,478 [Worker-19] INFO  o.e.m.c.i.embedder.EclipseLogger - Using 'UTF-8' encoding to copy filtered resources.
2021-03-21 06:08:43,478 [Worker-19] INFO  o.e.m.c.i.embedder.EclipseLogger - skip non existing resourceDirectory C:\Users\Darrien\Documents\ChaseDemo\ChaseDemo2\src\main\resources
2021-03-21 06:08:43,479 [Worker-19] INFO  o.e.m.c.i.embedder.EclipseLogger - Using 'UTF-8' encoding to copy filtered resources.
2021-03-21 06:08:43,479 [Worker-19] INFO  o.e.m.c.i.embedder.EclipseLogger - Copying 0 resource
2021-03-21 06:08:46,035 [Worker-1] INFO  o.e.m.c.i.embedder.EclipseLogger - Using 'UTF-8' encoding to copy filtered resources.
2021-03-21 06:08:46,036 [Worker-1] INFO  o.e.m.c.i.embedder.EclipseLogger - skip non existing resourceDirectory C:\Users\Darrien\Documents\ChaseDemo\ChaseDemo2\src\main\resources
2021-03-21 06:08:46,036 [Worker-1] INFO  o.e.m.c.i.embedder.EclipseLogger - Using 'UTF-8' encoding to copy filtered resources.
2021-03-21 06:08:46,037 [Worker-1] INFO  o.e.m.c.i.embedder.EclipseLogger - Copying 0 resource
2021-03-21 06:08:48,174 [Worker-5] INFO  o.e.m.i.launch.MavenLaunchDelegate - C:\Users\Darrien\Documents\ChaseDemo\ChaseDemo2
